<?xml version="1.0" encoding="UTF-8"?>
<!-- Generated by org.testng.reporters.JUnitReportReporter -->
<testsuite hostname="DESKTOP-AA3UT3F" failures="0" tests="1" name="com.facebook.test.LoginTest" time="10.204" errors="0" timestamp="2023-01-31T00:08:22 IST" skipped="0">
  <testcase classname="com.facebook.test.LoginTest" name="login" time="10.204"/>
  <system-out/>
</testsuite> <!-- com.facebook.test.LoginTest -->
