<?xml version="1.0" encoding="UTF-8"?>
<!-- Generated by org.testng.reporters.JUnitReportReporter -->
<testsuite hostname="DESKTOP-AA3UT3F" failures="0" tests="1" name="com.facebook.test.LoginTest" time="8.974" errors="0" timestamp="2023-01-29T17:11:55 IST" skipped="0">
  <testcase classname="com.facebook.test.LoginTest" name="login" time="8.974"/>
  <system-out/>
</testsuite> <!-- com.facebook.test.LoginTest -->
