<?xml version="1.0" encoding="UTF-8"?>
<!-- Generated by org.testng.reporters.JUnitReportReporter -->
<testsuite hostname="DESKTOP-AA3UT3F" failures="0" tests="1" name="com.facebook.test.LoginTest" time="14.819" errors="0" timestamp="2023-01-30T15:06:07 IST" skipped="0">
  <testcase classname="com.facebook.test.LoginTest" name="login" time="14.819"/>
  <system-out/>
</testsuite> <!-- com.facebook.test.LoginTest -->
